<?xml version="1.0" encoding="UTF-8"?>
<testsuite xmlns:xsi="http://www.w3.org/2001/XMLSchema-instance" xsi:noNamespaceSchemaLocation="https://maven.apache.org/surefire/maven-surefire-plugin/xsd/surefire-test-report-3.0.xsd" version="3.0" name="TestSuite" time="27.059" tests="34" errors="0" skipped="0" failures="0">
  <properties>
    <property name="java.specification.version" value="17"/>
    <property name="webdriver.chrome.driver" value="C:\Users\shrav\.cache\selenium\chromedriver\win32\113.0.5672.63\chromedriver.exe"/>
    <property name="sun.cpu.isalist" value="amd64"/>
    <property name="sun.jnu.encoding" value="Cp1252"/>
    <property name="java.class.path" value="C:\Users\shrav\eclipse-workspace1\com.dsalgoCucumberFramework\target\test-classes;C:\Users\shrav\eclipse-workspace1\com.dsalgoCucumberFramework\target\classes;C:\Users\shrav\.m2\repository\org\seleniumhq\selenium\selenium-java\4.5.0\selenium-java-4.5.0.jar;C:\Users\shrav\.m2\repository\org\seleniumhq\selenium\selenium-api\4.5.0\selenium-api-4.5.0.jar;C:\Users\shrav\.m2\repository\org\seleniumhq\selenium\selenium-chrome-driver\4.5.0\selenium-chrome-driver-4.5.0.jar;C:\Users\shrav\.m2\repository\com\google\auto\service\auto-service-annotations\1.0.1\auto-service-annotations-1.0.1.jar;C:\Users\shrav\.m2\repository\com\google\auto\service\auto-service\1.0.1\auto-service-1.0.1.jar;C:\Users\shrav\.m2\repository\com\google\auto\auto-common\1.2\auto-common-1.2.jar;C:\Users\shrav\.m2\repository\com\google\guava\guava\31.1-jre\guava-31.1-jre.jar;C:\Users\shrav\.m2\repository\com\google\guava\failureaccess\1.0.1\failureaccess-1.0.1.jar;C:\Users\shrav\.m2\repository\com\google\guava\listenablefuture\9999.0-empty-to-avoid-conflict-with-guava\listenablefuture-9999.0-empty-to-avoid-conflict-with-guava.jar;C:\Users\shrav\.m2\repository\org\checkerframework\checker-qual\3.12.0\checker-qual-3.12.0.jar;C:\Users\shrav\.m2\repository\com\google\errorprone\error_prone_annotations\2.11.0\error_prone_annotations-2.11.0.jar;C:\Users\shrav\.m2\repository\com\google\j2objc\j2objc-annotations\1.3\j2objc-annotations-1.3.jar;C:\Users\shrav\.m2\repository\org\seleniumhq\selenium\selenium-chromium-driver\4.5.0\selenium-chromium-driver-4.5.0.jar;C:\Users\shrav\.m2\repository\org\seleniumhq\selenium\selenium-json\4.5.0\selenium-json-4.5.0.jar;C:\Users\shrav\.m2\repository\org\seleniumhq\selenium\selenium-devtools-v104\4.5.0\selenium-devtools-v104-4.5.0.jar;C:\Users\shrav\.m2\repository\org\seleniumhq\selenium\selenium-devtools-v105\4.5.0\selenium-devtools-v105-4.5.0.jar;C:\Users\shrav\.m2\repository\org\seleniumhq\selenium\selenium-devtools-v106\4.5.0\selenium-devtools-v106-4.5.0.jar;C:\Users\shrav\.m2\repository\org\seleniumhq\selenium\selenium-devtools-v85\4.5.0\selenium-devtools-v85-4.5.0.jar;C:\Users\shrav\.m2\repository\org\seleniumhq\selenium\selenium-edge-driver\4.5.0\selenium-edge-driver-4.5.0.jar;C:\Users\shrav\.m2\repository\org\seleniumhq\selenium\selenium-firefox-driver\4.5.0\selenium-firefox-driver-4.5.0.jar;C:\Users\shrav\.m2\repository\org\seleniumhq\selenium\selenium-ie-driver\4.5.0\selenium-ie-driver-4.5.0.jar;C:\Users\shrav\.m2\repository\org\seleniumhq\selenium\selenium-remote-driver\4.5.0\selenium-remote-driver-4.5.0.jar;C:\Users\shrav\.m2\repository\io\netty\netty-buffer\4.1.79.Final\netty-buffer-4.1.79.Final.jar;C:\Users\shrav\.m2\repository\io\netty\netty-codec-http\4.1.79.Final\netty-codec-http-4.1.79.Final.jar;C:\Users\shrav\.m2\repository\io\netty\netty-codec\4.1.79.Final\netty-codec-4.1.79.Final.jar;C:\Users\shrav\.m2\repository\io\netty\netty-handler\4.1.79.Final\netty-handler-4.1.79.Final.jar;C:\Users\shrav\.m2\repository\io\netty\netty-common\4.1.79.Final\netty-common-4.1.79.Final.jar;C:\Users\shrav\.m2\repository\io\netty\netty-transport-classes-epoll\4.1.79.Final\netty-transport-classes-epoll-4.1.79.Final.jar;C:\Users\shrav\.m2\repository\io\netty\netty-transport-classes-kqueue\4.1.79.Final\netty-transport-classes-kqueue-4.1.79.Final.jar;C:\Users\shrav\.m2\repository\io\netty\netty-transport-native-epoll\4.1.79.Final\netty-transport-native-epoll-4.1.79.Final.jar;C:\Users\shrav\.m2\repository\io\netty\netty-transport-native-kqueue\4.1.79.Final\netty-transport-native-kqueue-4.1.79.Final.jar;C:\Users\shrav\.m2\repository\io\netty\netty-transport-native-unix-common\4.1.79.Final\netty-transport-native-unix-common-4.1.79.Final.jar;C:\Users\shrav\.m2\repository\io\netty\netty-transport\4.1.79.Final\netty-transport-4.1.79.Final.jar;C:\Users\shrav\.m2\repository\io\netty\netty-resolver\4.1.79.Final\netty-resolver-4.1.79.Final.jar;C:\Users\shrav\.m2\repository\io\opentelemetry\opentelemetry-api\1.17.0\opentelemetry-api-1.17.0.jar;C:\Users\shrav\.m2\repository\io\opentelemetry\opentelemetry-context\1.17.0\opentelemetry-context-1.17.0.jar;C:\Users\shrav\.m2\repository\io\opentelemetry\opentelemetry-exporter-logging\1.17.0\opentelemetry-exporter-logging-1.17.0.jar;C:\Users\shrav\.m2\repository\io\opentelemetry\opentelemetry-sdk-metrics\1.17.0\opentelemetry-sdk-metrics-1.17.0.jar;C:\Users\shrav\.m2\repository\io\opentelemetry\opentelemetry-sdk-logs\1.17.0-alpha\opentelemetry-sdk-logs-1.17.0-alpha.jar;C:\Users\shrav\.m2\repository\io\opentelemetry\opentelemetry-sdk-common\1.17.0\opentelemetry-sdk-common-1.17.0.jar;C:\Users\shrav\.m2\repository\io\opentelemetry\opentelemetry-sdk-extension-autoconfigure-spi\1.17.0\opentelemetry-sdk-extension-autoconfigure-spi-1.17.0.jar;C:\Users\shrav\.m2\repository\io\opentelemetry\opentelemetry-sdk-extension-autoconfigure\1.17.0-alpha\opentelemetry-sdk-extension-autoconfigure-1.17.0-alpha.jar;C:\Users\shrav\.m2\repository\io\opentelemetry\opentelemetry-exporter-common\1.17.0\opentelemetry-exporter-common-1.17.0.jar;C:\Users\shrav\.m2\repository\io\opentelemetry\opentelemetry-sdk-trace\1.17.0\opentelemetry-sdk-trace-1.17.0.jar;C:\Users\shrav\.m2\repository\io\opentelemetry\opentelemetry-sdk\1.17.0\opentelemetry-sdk-1.17.0.jar;C:\Users\shrav\.m2\repository\io\opentelemetry\opentelemetry-semconv\1.17.0-alpha\opentelemetry-semconv-1.17.0-alpha.jar;C:\Users\shrav\.m2\repository\io\ous\jtoml\2.0.0\jtoml-2.0.0.jar;C:\Users\shrav\.m2\repository\net\bytebuddy\byte-buddy\1.12.14\byte-buddy-1.12.14.jar;C:\Users\shrav\.m2\repository\org\apache\commons\commons-exec\1.3\commons-exec-1.3.jar;C:\Users\shrav\.m2\repository\org\asynchttpclient\async-http-client\2.12.3\async-http-client-2.12.3.jar;C:\Users\shrav\.m2\repository\org\asynchttpclient\async-http-client-netty-utils\2.12.3\async-http-client-netty-utils-2.12.3.jar;C:\Users\shrav\.m2\repository\io\netty\netty-codec-socks\4.1.60.Final\netty-codec-socks-4.1.60.Final.jar;C:\Users\shrav\.m2\repository\io\netty\netty-handler-proxy\4.1.60.Final\netty-handler-proxy-4.1.60.Final.jar;C:\Users\shrav\.m2\repository\io\netty\netty-transport-native-epoll\4.1.60.Final\netty-transport-native-epoll-4.1.60.Final-linux-x86_64.jar;C:\Users\shrav\.m2\repository\io\netty\netty-transport-native-kqueue\4.1.60.Final\netty-transport-native-kqueue-4.1.60.Final-osx-x86_64.jar;C:\Users\shrav\.m2\repository\com\typesafe\netty\netty-reactive-streams\2.0.4\netty-reactive-streams-2.0.4.jar;C:\Users\shrav\.m2\repository\com\sun\activation\jakarta.activation\1.2.2\jakarta.activation-1.2.2.jar;C:\Users\shrav\.m2\repository\org\seleniumhq\selenium\selenium-http\4.5.0\selenium-http-4.5.0.jar;C:\Users\shrav\.m2\repository\dev\failsafe\failsafe\3.2.4\failsafe-3.2.4.jar;C:\Users\shrav\.m2\repository\org\seleniumhq\selenium\selenium-safari-driver\4.5.0\selenium-safari-driver-4.5.0.jar;C:\Users\shrav\.m2\repository\org\seleniumhq\selenium\selenium-support\4.5.0\selenium-support-4.5.0.jar;C:\Users\shrav\.m2\repository\org\testng\testng\7.6.1\testng-7.6.1.jar;C:\Users\shrav\.m2\repository\com\google\code\findbugs\jsr305\3.0.2\jsr305-3.0.2.jar;C:\Users\shrav\.m2\repository\org\slf4j\slf4j-api\1.7.36\slf4j-api-1.7.36.jar;C:\Users\shrav\.m2\repository\com\beust\jcommander\1.82\jcommander-1.82.jar;C:\Users\shrav\.m2\repository\org\webjars\jquery\3.6.0\jquery-3.6.0.jar;C:\Users\shrav\.m2\repository\org\apache\logging\log4j\log4j-core\2.19.0\log4j-core-2.19.0.jar;C:\Users\shrav\.m2\repository\org\apache\logging\log4j\log4j-api\2.19.0\log4j-api-2.19.0.jar;C:\Users\shrav\.m2\repository\org\apache\poi\poi\5.2.3\poi-5.2.3.jar;C:\Users\shrav\.m2\repository\commons-codec\commons-codec\1.15\commons-codec-1.15.jar;C:\Users\shrav\.m2\repository\org\apache\commons\commons-collections4\4.4\commons-collections4-4.4.jar;C:\Users\shrav\.m2\repository\org\apache\commons\commons-math3\3.6.1\commons-math3-3.6.1.jar;C:\Users\shrav\.m2\repository\commons-io\commons-io\2.11.0\commons-io-2.11.0.jar;C:\Users\shrav\.m2\repository\com\zaxxer\SparseBitSet\1.2\SparseBitSet-1.2.jar;C:\Users\shrav\.m2\repository\org\apache\poi\poi-ooxml\5.2.3\poi-ooxml-5.2.3.jar;C:\Users\shrav\.m2\repository\org\apache\poi\poi-ooxml-lite\5.2.3\poi-ooxml-lite-5.2.3.jar;C:\Users\shrav\.m2\repository\org\apache\commons\commons-compress\1.21\commons-compress-1.21.jar;C:\Users\shrav\.m2\repository\com\github\virtuald\curvesapi\1.07\curvesapi-1.07.jar;C:\Users\shrav\.m2\repository\org\apache\xmlbeans\xmlbeans\5.1.1\xmlbeans-5.1.1.jar;C:\Users\shrav\.m2\repository\io\cucumber\cucumber-java\7.9.0\cucumber-java-7.9.0.jar;C:\Users\shrav\.m2\repository\io\cucumber\cucumber-core\7.9.0\cucumber-core-7.9.0.jar;C:\Users\shrav\.m2\repository\io\cucumber\cucumber-gherkin\7.9.0\cucumber-gherkin-7.9.0.jar;C:\Users\shrav\.m2\repository\io\cucumber\cucumber-gherkin-messages\7.9.0\cucumber-gherkin-messages-7.9.0.jar;C:\Users\shrav\.m2\repository\io\cucumber\gherkin\24.1.0\gherkin-24.1.0.jar;C:\Users\shrav\.m2\repository\io\cucumber\messages\19.1.4\messages-19.1.4.jar;C:\Users\shrav\.m2\repository\io\cucumber\tag-expressions\4.1.0\tag-expressions-4.1.0.jar;C:\Users\shrav\.m2\repository\io\cucumber\cucumber-expressions\16.0.0\cucumber-expressions-16.0.0.jar;C:\Users\shrav\.m2\repository\io\cucumber\datatable\7.9.0\datatable-7.9.0.jar;C:\Users\shrav\.m2\repository\io\cucumber\cucumber-plugin\7.9.0\cucumber-plugin-7.9.0.jar;C:\Users\shrav\.m2\repository\io\cucumber\docstring\7.9.0\docstring-7.9.0.jar;C:\Users\shrav\.m2\repository\io\cucumber\html-formatter\20.1.0\html-formatter-20.1.0.jar;C:\Users\shrav\.m2\repository\io\cucumber\ci-environment\9.1.0\ci-environment-9.1.0.jar;C:\Users\shrav\.m2\repository\org\apiguardian\apiguardian-api\1.1.2\apiguardian-api-1.1.2.jar;C:\Users\shrav\.m2\repository\io\cucumber\cucumber-junit\7.9.0\cucumber-junit-7.9.0.jar;C:\Users\shrav\.m2\repository\junit\junit\4.13.2\junit-4.13.2.jar;C:\Users\shrav\.m2\repository\org\hamcrest\hamcrest-core\1.3\hamcrest-core-1.3.jar;C:\Users\shrav\.m2\repository\io\cucumber\cucumber-testng\7.9.0\cucumber-testng-7.9.0.jar;C:\Users\shrav\.m2\repository\io\qameta\allure\allure-testng\2.20.1\allure-testng-2.20.1.jar;C:\Users\shrav\.m2\repository\io\qameta\allure\allure-java-commons\2.20.1\allure-java-commons-2.20.1.jar;C:\Users\shrav\.m2\repository\io\qameta\allure\allure-model\2.20.1\allure-model-2.20.1.jar;C:\Users\shrav\.m2\repository\io\qameta\allure\allure-test-filter\2.20.1\allure-test-filter-2.20.1.jar;C:\Users\shrav\.m2\repository\com\aventstack\extentreports\5.0.9\extentreports-5.0.9.jar;C:\Users\shrav\.m2\repository\io\reactivex\rxjava3\rxjava\3.0.4\rxjava-3.0.4.jar;C:\Users\shrav\.m2\repository\org\reactivestreams\reactive-streams\1.0.3\reactive-streams-1.0.3.jar;C:\Users\shrav\.m2\repository\org\freemarker\freemarker\2.3.30\freemarker-2.3.30.jar;C:\Users\shrav\.m2\repository\com\google\code\gson\gson\2.8.6\gson-2.8.6.jar;C:\Users\shrav\.m2\repository\tech\grasshopper\extentreports-cucumber7-adapter\1.9.1\extentreports-cucumber7-adapter-1.9.1.jar;C:\Users\shrav\.m2\repository\tech\grasshopper\extent-pdf-report\2.9.1\extent-pdf-report-2.9.1.jar;C:\Users\shrav\.m2\repository\tech\grasshopper\cucumber-pdf-report\2.11.1\cucumber-pdf-report-2.11.1.jar;C:\Users\shrav\.m2\repository\org\apache\pdfbox\pdfbox\2.0.26\pdfbox-2.0.26.jar;C:\Users\shrav\.m2\repository\org\apache\pdfbox\fontbox\2.0.26\fontbox-2.0.26.jar;C:\Users\shrav\.m2\repository\org\knowm\xchart\xchart\3.8.0\xchart-3.8.0.jar;C:\Users\shrav\.m2\repository\de\erichseifert\vectorgraphics2d\VectorGraphics2D\0.13\VectorGraphics2D-0.13.jar;C:\Users\shrav\.m2\repository\de\rototor\pdfbox\graphics2d\0.30\graphics2d-0.30.jar;C:\Users\shrav\.m2\repository\com\madgag\animated-gif-lib\1.4\animated-gif-lib-1.4.jar;C:\Users\shrav\.m2\repository\org\yaml\snakeyaml\1.28\snakeyaml-1.28.jar;C:\Users\shrav\.m2\repository\tech\grasshopper\table-layout\1.5.1\table-layout-1.5.1.jar;C:\Users\shrav\.m2\repository\tech\grasshopper\rest-assured-cucumber-pdf-report\1.4.1\rest-assured-cucumber-pdf-report-1.4.1.jar;C:\Users\shrav\.m2\repository\org\jsoup\jsoup\1.15.3\jsoup-1.15.3.jar;C:\Users\shrav\.m2\repository\com\aventstack\klov-reporter\5.0.9\klov-reporter-5.0.9.jar;C:\Users\shrav\.m2\repository\org\mongodb\mongodb-driver\3.6.4\mongodb-driver-3.6.4.jar;C:\Users\shrav\.m2\repository\org\mongodb\mongodb-driver-core\3.6.4\mongodb-driver-core-3.6.4.jar;C:\Users\shrav\.m2\repository\org\mongodb\bson\3.6.4\bson-3.6.4.jar;C:\Users\shrav\.m2\repository\org\apache\httpcomponents\httpclient\4.5.13\httpclient-4.5.13.jar;C:\Users\shrav\.m2\repository\org\apache\httpcomponents\httpcore\4.4.13\httpcore-4.4.13.jar;C:\Users\shrav\.m2\repository\commons-logging\commons-logging\1.2\commons-logging-1.2.jar;C:\Users\shrav\.m2\repository\org\apache\httpcomponents\httpmime\4.5.13\httpmime-4.5.13.jar;C:\Users\shrav\.m2\repository\tech\grasshopper\htmlextentreporter\1.0.1\htmlextentreporter-1.0.1.jar;C:\Users\shrav\.m2\repository\org\projectlombok\lombok\1.18.2\lombok-1.18.2.jar;C:\Users\shrav\.m2\repository\io\github\bonigarcia\webdrivermanager\5.3.1\webdrivermanager-5.3.1.jar;C:\Users\shrav\.m2\repository\com\github\docker-java\docker-java\3.2.13\docker-java-3.2.13.jar;C:\Users\shrav\.m2\repository\com\github\docker-java\docker-java-core\3.2.13\docker-java-core-3.2.13.jar;C:\Users\shrav\.m2\repository\com\github\docker-java\docker-java-api\3.2.13\docker-java-api-3.2.13.jar;C:\Users\shrav\.m2\repository\com\fasterxml\jackson\core\jackson-annotations\2.10.3\jackson-annotations-2.10.3.jar;C:\Users\shrav\.m2\repository\com\fasterxml\jackson\core\jackson-databind\2.10.3\jackson-databind-2.10.3.jar;C:\Users\shrav\.m2\repository\com\fasterxml\jackson\core\jackson-core\2.10.3\jackson-core-2.10.3.jar;C:\Users\shrav\.m2\repository\org\bouncycastle\bcpkix-jdk15on\1.64\bcpkix-jdk15on-1.64.jar;C:\Users\shrav\.m2\repository\org\bouncycastle\bcprov-jdk15on\1.64\bcprov-jdk15on-1.64.jar;C:\Users\shrav\.m2\repository\org\slf4j\jcl-over-slf4j\1.7.30\jcl-over-slf4j-1.7.30.jar;C:\Users\shrav\.m2\repository\com\github\docker-java\docker-java-transport-httpclient5\3.2.13\docker-java-transport-httpclient5-3.2.13.jar;C:\Users\shrav\.m2\repository\com\github\docker-java\docker-java-transport\3.2.13\docker-java-transport-3.2.13.jar;C:\Users\shrav\.m2\repository\net\java\dev\jna\jna\5.8.0\jna-5.8.0.jar;C:\Users\shrav\.m2\repository\org\brotli\dec\0.1.2\dec-0.1.2.jar;C:\Users\shrav\.m2\repository\org\apache\commons\commons-lang3\3.12.0\commons-lang3-3.12.0.jar;C:\Users\shrav\.m2\repository\org\apache\httpcomponents\client5\httpclient5\5.1.3\httpclient5-5.1.3.jar;C:\Users\shrav\.m2\repository\org\apache\httpcomponents\core5\httpcore5\5.1.3\httpcore5-5.1.3.jar;C:\Users\shrav\.m2\repository\org\apache\httpcomponents\core5\httpcore5-h2\5.1.3\httpcore5-h2-5.1.3.jar;"/>
    <property name="java.vm.vendor" value="Oracle Corporation"/>
    <property name="sun.arch.data.model" value="64"/>
    <property name="user.variant" value=""/>
    <property name="java.vendor.url" value="https://java.oracle.com/"/>
    <property name="user.timezone" value="America/Chicago"/>
    <property name="os.name" value="Windows 10"/>
    <property name="java.vm.specification.version" value="17"/>
    <property name="sun.java.launcher" value="SUN_STANDARD"/>
    <property name="user.country" value="US"/>
    <property name="sun.boot.library.path" value="C:\Program Files\Java\jdk-17.0.1\bin"/>
    <property name="sun.java.command" value="C:\Users\shrav\AppData\Local\Temp\surefire5282415235476086203\surefirebooter-20230620190519962_3.jar C:\Users\shrav\AppData\Local\Temp\surefire5282415235476086203 2023-06-20T19-05-19_691-jvmRun1 surefire-20230620190519962_1tmp surefire_0-20230620190519962_2tmp"/>
    <property name="jdk.debug" value="release"/>
    <property name="surefire.test.class.path" value="C:\Users\shrav\eclipse-workspace1\com.dsalgoCucumberFramework\target\test-classes;C:\Users\shrav\eclipse-workspace1\com.dsalgoCucumberFramework\target\classes;C:\Users\shrav\.m2\repository\org\seleniumhq\selenium\selenium-java\4.5.0\selenium-java-4.5.0.jar;C:\Users\shrav\.m2\repository\org\seleniumhq\selenium\selenium-api\4.5.0\selenium-api-4.5.0.jar;C:\Users\shrav\.m2\repository\org\seleniumhq\selenium\selenium-chrome-driver\4.5.0\selenium-chrome-driver-4.5.0.jar;C:\Users\shrav\.m2\repository\com\google\auto\service\auto-service-annotations\1.0.1\auto-service-annotations-1.0.1.jar;C:\Users\shrav\.m2\repository\com\google\auto\service\auto-service\1.0.1\auto-service-1.0.1.jar;C:\Users\shrav\.m2\repository\com\google\auto\auto-common\1.2\auto-common-1.2.jar;C:\Users\shrav\.m2\repository\com\google\guava\guava\31.1-jre\guava-31.1-jre.jar;C:\Users\shrav\.m2\repository\com\google\guava\failureaccess\1.0.1\failureaccess-1.0.1.jar;C:\Users\shrav\.m2\repository\com\google\guava\listenablefuture\9999.0-empty-to-avoid-conflict-with-guava\listenablefuture-9999.0-empty-to-avoid-conflict-with-guava.jar;C:\Users\shrav\.m2\repository\org\checkerframework\checker-qual\3.12.0\checker-qual-3.12.0.jar;C:\Users\shrav\.m2\repository\com\google\errorprone\error_prone_annotations\2.11.0\error_prone_annotations-2.11.0.jar;C:\Users\shrav\.m2\repository\com\google\j2objc\j2objc-annotations\1.3\j2objc-annotations-1.3.jar;C:\Users\shrav\.m2\repository\org\seleniumhq\selenium\selenium-chromium-driver\4.5.0\selenium-chromium-driver-4.5.0.jar;C:\Users\shrav\.m2\repository\org\seleniumhq\selenium\selenium-json\4.5.0\selenium-json-4.5.0.jar;C:\Users\shrav\.m2\repository\org\seleniumhq\selenium\selenium-devtools-v104\4.5.0\selenium-devtools-v104-4.5.0.jar;C:\Users\shrav\.m2\repository\org\seleniumhq\selenium\selenium-devtools-v105\4.5.0\selenium-devtools-v105-4.5.0.jar;C:\Users\shrav\.m2\repository\org\seleniumhq\selenium\selenium-devtools-v106\4.5.0\selenium-devtools-v106-4.5.0.jar;C:\Users\shrav\.m2\repository\org\seleniumhq\selenium\selenium-devtools-v85\4.5.0\selenium-devtools-v85-4.5.0.jar;C:\Users\shrav\.m2\repository\org\seleniumhq\selenium\selenium-edge-driver\4.5.0\selenium-edge-driver-4.5.0.jar;C:\Users\shrav\.m2\repository\org\seleniumhq\selenium\selenium-firefox-driver\4.5.0\selenium-firefox-driver-4.5.0.jar;C:\Users\shrav\.m2\repository\org\seleniumhq\selenium\selenium-ie-driver\4.5.0\selenium-ie-driver-4.5.0.jar;C:\Users\shrav\.m2\repository\org\seleniumhq\selenium\selenium-remote-driver\4.5.0\selenium-remote-driver-4.5.0.jar;C:\Users\shrav\.m2\repository\io\netty\netty-buffer\4.1.79.Final\netty-buffer-4.1.79.Final.jar;C:\Users\shrav\.m2\repository\io\netty\netty-codec-http\4.1.79.Final\netty-codec-http-4.1.79.Final.jar;C:\Users\shrav\.m2\repository\io\netty\netty-codec\4.1.79.Final\netty-codec-4.1.79.Final.jar;C:\Users\shrav\.m2\repository\io\netty\netty-handler\4.1.79.Final\netty-handler-4.1.79.Final.jar;C:\Users\shrav\.m2\repository\io\netty\netty-common\4.1.79.Final\netty-common-4.1.79.Final.jar;C:\Users\shrav\.m2\repository\io\netty\netty-transport-classes-epoll\4.1.79.Final\netty-transport-classes-epoll-4.1.79.Final.jar;C:\Users\shrav\.m2\repository\io\netty\netty-transport-classes-kqueue\4.1.79.Final\netty-transport-classes-kqueue-4.1.79.Final.jar;C:\Users\shrav\.m2\repository\io\netty\netty-transport-native-epoll\4.1.79.Final\netty-transport-native-epoll-4.1.79.Final.jar;C:\Users\shrav\.m2\repository\io\netty\netty-transport-native-kqueue\4.1.79.Final\netty-transport-native-kqueue-4.1.79.Final.jar;C:\Users\shrav\.m2\repository\io\netty\netty-transport-native-unix-common\4.1.79.Final\netty-transport-native-unix-common-4.1.79.Final.jar;C:\Users\shrav\.m2\repository\io\netty\netty-transport\4.1.79.Final\netty-transport-4.1.79.Final.jar;C:\Users\shrav\.m2\repository\io\netty\netty-resolver\4.1.79.Final\netty-resolver-4.1.79.Final.jar;C:\Users\shrav\.m2\repository\io\opentelemetry\opentelemetry-api\1.17.0\opentelemetry-api-1.17.0.jar;C:\Users\shrav\.m2\repository\io\opentelemetry\opentelemetry-context\1.17.0\opentelemetry-context-1.17.0.jar;C:\Users\shrav\.m2\repository\io\opentelemetry\opentelemetry-exporter-logging\1.17.0\opentelemetry-exporter-logging-1.17.0.jar;C:\Users\shrav\.m2\repository\io\opentelemetry\opentelemetry-sdk-metrics\1.17.0\opentelemetry-sdk-metrics-1.17.0.jar;C:\Users\shrav\.m2\repository\io\opentelemetry\opentelemetry-sdk-logs\1.17.0-alpha\opentelemetry-sdk-logs-1.17.0-alpha.jar;C:\Users\shrav\.m2\repository\io\opentelemetry\opentelemetry-sdk-common\1.17.0\opentelemetry-sdk-common-1.17.0.jar;C:\Users\shrav\.m2\repository\io\opentelemetry\opentelemetry-sdk-extension-autoconfigure-spi\1.17.0\opentelemetry-sdk-extension-autoconfigure-spi-1.17.0.jar;C:\Users\shrav\.m2\repository\io\opentelemetry\opentelemetry-sdk-extension-autoconfigure\1.17.0-alpha\opentelemetry-sdk-extension-autoconfigure-1.17.0-alpha.jar;C:\Users\shrav\.m2\repository\io\opentelemetry\opentelemetry-exporter-common\1.17.0\opentelemetry-exporter-common-1.17.0.jar;C:\Users\shrav\.m2\repository\io\opentelemetry\opentelemetry-sdk-trace\1.17.0\opentelemetry-sdk-trace-1.17.0.jar;C:\Users\shrav\.m2\repository\io\opentelemetry\opentelemetry-sdk\1.17.0\opentelemetry-sdk-1.17.0.jar;C:\Users\shrav\.m2\repository\io\opentelemetry\opentelemetry-semconv\1.17.0-alpha\opentelemetry-semconv-1.17.0-alpha.jar;C:\Users\shrav\.m2\repository\io\ous\jtoml\2.0.0\jtoml-2.0.0.jar;C:\Users\shrav\.m2\repository\net\bytebuddy\byte-buddy\1.12.14\byte-buddy-1.12.14.jar;C:\Users\shrav\.m2\repository\org\apache\commons\commons-exec\1.3\commons-exec-1.3.jar;C:\Users\shrav\.m2\repository\org\asynchttpclient\async-http-client\2.12.3\async-http-client-2.12.3.jar;C:\Users\shrav\.m2\repository\org\asynchttpclient\async-http-client-netty-utils\2.12.3\async-http-client-netty-utils-2.12.3.jar;C:\Users\shrav\.m2\repository\io\netty\netty-codec-socks\4.1.60.Final\netty-codec-socks-4.1.60.Final.jar;C:\Users\shrav\.m2\repository\io\netty\netty-handler-proxy\4.1.60.Final\netty-handler-proxy-4.1.60.Final.jar;C:\Users\shrav\.m2\repository\io\netty\netty-transport-native-epoll\4.1.60.Final\netty-transport-native-epoll-4.1.60.Final-linux-x86_64.jar;C:\Users\shrav\.m2\repository\io\netty\netty-transport-native-kqueue\4.1.60.Final\netty-transport-native-kqueue-4.1.60.Final-osx-x86_64.jar;C:\Users\shrav\.m2\repository\com\typesafe\netty\netty-reactive-streams\2.0.4\netty-reactive-streams-2.0.4.jar;C:\Users\shrav\.m2\repository\com\sun\activation\jakarta.activation\1.2.2\jakarta.activation-1.2.2.jar;C:\Users\shrav\.m2\repository\org\seleniumhq\selenium\selenium-http\4.5.0\selenium-http-4.5.0.jar;C:\Users\shrav\.m2\repository\dev\failsafe\failsafe\3.2.4\failsafe-3.2.4.jar;C:\Users\shrav\.m2\repository\org\seleniumhq\selenium\selenium-safari-driver\4.5.0\selenium-safari-driver-4.5.0.jar;C:\Users\shrav\.m2\repository\org\seleniumhq\selenium\selenium-support\4.5.0\selenium-support-4.5.0.jar;C:\Users\shrav\.m2\repository\org\testng\testng\7.6.1\testng-7.6.1.jar;C:\Users\shrav\.m2\repository\com\google\code\findbugs\jsr305\3.0.2\jsr305-3.0.2.jar;C:\Users\shrav\.m2\repository\org\slf4j\slf4j-api\1.7.36\slf4j-api-1.7.36.jar;C:\Users\shrav\.m2\repository\com\beust\jcommander\1.82\jcommander-1.82.jar;C:\Users\shrav\.m2\repository\org\webjars\jquery\3.6.0\jquery-3.6.0.jar;C:\Users\shrav\.m2\repository\org\apache\logging\log4j\log4j-core\2.19.0\log4j-core-2.19.0.jar;C:\Users\shrav\.m2\repository\org\apache\logging\log4j\log4j-api\2.19.0\log4j-api-2.19.0.jar;C:\Users\shrav\.m2\repository\org\apache\poi\poi\5.2.3\poi-5.2.3.jar;C:\Users\shrav\.m2\repository\commons-codec\commons-codec\1.15\commons-codec-1.15.jar;C:\Users\shrav\.m2\repository\org\apache\commons\commons-collections4\4.4\commons-collections4-4.4.jar;C:\Users\shrav\.m2\repository\org\apache\commons\commons-math3\3.6.1\commons-math3-3.6.1.jar;C:\Users\shrav\.m2\repository\commons-io\commons-io\2.11.0\commons-io-2.11.0.jar;C:\Users\shrav\.m2\repository\com\zaxxer\SparseBitSet\1.2\SparseBitSet-1.2.jar;C:\Users\shrav\.m2\repository\org\apache\poi\poi-ooxml\5.2.3\poi-ooxml-5.2.3.jar;C:\Users\shrav\.m2\repository\org\apache\poi\poi-ooxml-lite\5.2.3\poi-ooxml-lite-5.2.3.jar;C:\Users\shrav\.m2\repository\org\apache\commons\commons-compress\1.21\commons-compress-1.21.jar;C:\Users\shrav\.m2\repository\com\github\virtuald\curvesapi\1.07\curvesapi-1.07.jar;C:\Users\shrav\.m2\repository\org\apache\xmlbeans\xmlbeans\5.1.1\xmlbeans-5.1.1.jar;C:\Users\shrav\.m2\repository\io\cucumber\cucumber-java\7.9.0\cucumber-java-7.9.0.jar;C:\Users\shrav\.m2\repository\io\cucumber\cucumber-core\7.9.0\cucumber-core-7.9.0.jar;C:\Users\shrav\.m2\repository\io\cucumber\cucumber-gherkin\7.9.0\cucumber-gherkin-7.9.0.jar;C:\Users\shrav\.m2\repository\io\cucumber\cucumber-gherkin-messages\7.9.0\cucumber-gherkin-messages-7.9.0.jar;C:\Users\shrav\.m2\repository\io\cucumber\gherkin\24.1.0\gherkin-24.1.0.jar;C:\Users\shrav\.m2\repository\io\cucumber\messages\19.1.4\messages-19.1.4.jar;C:\Users\shrav\.m2\repository\io\cucumber\tag-expressions\4.1.0\tag-expressions-4.1.0.jar;C:\Users\shrav\.m2\repository\io\cucumber\cucumber-expressions\16.0.0\cucumber-expressions-16.0.0.jar;C:\Users\shrav\.m2\repository\io\cucumber\datatable\7.9.0\datatable-7.9.0.jar;C:\Users\shrav\.m2\repository\io\cucumber\cucumber-plugin\7.9.0\cucumber-plugin-7.9.0.jar;C:\Users\shrav\.m2\repository\io\cucumber\docstring\7.9.0\docstring-7.9.0.jar;C:\Users\shrav\.m2\repository\io\cucumber\html-formatter\20.1.0\html-formatter-20.1.0.jar;C:\Users\shrav\.m2\repository\io\cucumber\ci-environment\9.1.0\ci-environment-9.1.0.jar;C:\Users\shrav\.m2\repository\org\apiguardian\apiguardian-api\1.1.2\apiguardian-api-1.1.2.jar;C:\Users\shrav\.m2\repository\io\cucumber\cucumber-junit\7.9.0\cucumber-junit-7.9.0.jar;C:\Users\shrav\.m2\repository\junit\junit\4.13.2\junit-4.13.2.jar;C:\Users\shrav\.m2\repository\org\hamcrest\hamcrest-core\1.3\hamcrest-core-1.3.jar;C:\Users\shrav\.m2\repository\io\cucumber\cucumber-testng\7.9.0\cucumber-testng-7.9.0.jar;C:\Users\shrav\.m2\repository\io\qameta\allure\allure-testng\2.20.1\allure-testng-2.20.1.jar;C:\Users\shrav\.m2\repository\io\qameta\allure\allure-java-commons\2.20.1\allure-java-commons-2.20.1.jar;C:\Users\shrav\.m2\repository\io\qameta\allure\allure-model\2.20.1\allure-model-2.20.1.jar;C:\Users\shrav\.m2\repository\io\qameta\allure\allure-test-filter\2.20.1\allure-test-filter-2.20.1.jar;C:\Users\shrav\.m2\repository\com\aventstack\extentreports\5.0.9\extentreports-5.0.9.jar;C:\Users\shrav\.m2\repository\io\reactivex\rxjava3\rxjava\3.0.4\rxjava-3.0.4.jar;C:\Users\shrav\.m2\repository\org\reactivestreams\reactive-streams\1.0.3\reactive-streams-1.0.3.jar;C:\Users\shrav\.m2\repository\org\freemarker\freemarker\2.3.30\freemarker-2.3.30.jar;C:\Users\shrav\.m2\repository\com\google\code\gson\gson\2.8.6\gson-2.8.6.jar;C:\Users\shrav\.m2\repository\tech\grasshopper\extentreports-cucumber7-adapter\1.9.1\extentreports-cucumber7-adapter-1.9.1.jar;C:\Users\shrav\.m2\repository\tech\grasshopper\extent-pdf-report\2.9.1\extent-pdf-report-2.9.1.jar;C:\Users\shrav\.m2\repository\tech\grasshopper\cucumber-pdf-report\2.11.1\cucumber-pdf-report-2.11.1.jar;C:\Users\shrav\.m2\repository\org\apache\pdfbox\pdfbox\2.0.26\pdfbox-2.0.26.jar;C:\Users\shrav\.m2\repository\org\apache\pdfbox\fontbox\2.0.26\fontbox-2.0.26.jar;C:\Users\shrav\.m2\repository\org\knowm\xchart\xchart\3.8.0\xchart-3.8.0.jar;C:\Users\shrav\.m2\repository\de\erichseifert\vectorgraphics2d\VectorGraphics2D\0.13\VectorGraphics2D-0.13.jar;C:\Users\shrav\.m2\repository\de\rototor\pdfbox\graphics2d\0.30\graphics2d-0.30.jar;C:\Users\shrav\.m2\repository\com\madgag\animated-gif-lib\1.4\animated-gif-lib-1.4.jar;C:\Users\shrav\.m2\repository\org\yaml\snakeyaml\1.28\snakeyaml-1.28.jar;C:\Users\shrav\.m2\repository\tech\grasshopper\table-layout\1.5.1\table-layout-1.5.1.jar;C:\Users\shrav\.m2\repository\tech\grasshopper\rest-assured-cucumber-pdf-report\1.4.1\rest-assured-cucumber-pdf-report-1.4.1.jar;C:\Users\shrav\.m2\repository\org\jsoup\jsoup\1.15.3\jsoup-1.15.3.jar;C:\Users\shrav\.m2\repository\com\aventstack\klov-reporter\5.0.9\klov-reporter-5.0.9.jar;C:\Users\shrav\.m2\repository\org\mongodb\mongodb-driver\3.6.4\mongodb-driver-3.6.4.jar;C:\Users\shrav\.m2\repository\org\mongodb\mongodb-driver-core\3.6.4\mongodb-driver-core-3.6.4.jar;C:\Users\shrav\.m2\repository\org\mongodb\bson\3.6.4\bson-3.6.4.jar;C:\Users\shrav\.m2\repository\org\apache\httpcomponents\httpclient\4.5.13\httpclient-4.5.13.jar;C:\Users\shrav\.m2\repository\org\apache\httpcomponents\httpcore\4.4.13\httpcore-4.4.13.jar;C:\Users\shrav\.m2\repository\commons-logging\commons-logging\1.2\commons-logging-1.2.jar;C:\Users\shrav\.m2\repository\org\apache\httpcomponents\httpmime\4.5.13\httpmime-4.5.13.jar;C:\Users\shrav\.m2\repository\tech\grasshopper\htmlextentreporter\1.0.1\htmlextentreporter-1.0.1.jar;C:\Users\shrav\.m2\repository\org\projectlombok\lombok\1.18.2\lombok-1.18.2.jar;C:\Users\shrav\.m2\repository\io\github\bonigarcia\webdrivermanager\5.3.1\webdrivermanager-5.3.1.jar;C:\Users\shrav\.m2\repository\com\github\docker-java\docker-java\3.2.13\docker-java-3.2.13.jar;C:\Users\shrav\.m2\repository\com\github\docker-java\docker-java-core\3.2.13\docker-java-core-3.2.13.jar;C:\Users\shrav\.m2\repository\com\github\docker-java\docker-java-api\3.2.13\docker-java-api-3.2.13.jar;C:\Users\shrav\.m2\repository\com\fasterxml\jackson\core\jackson-annotations\2.10.3\jackson-annotations-2.10.3.jar;C:\Users\shrav\.m2\repository\com\fasterxml\jackson\core\jackson-databind\2.10.3\jackson-databind-2.10.3.jar;C:\Users\shrav\.m2\repository\com\fasterxml\jackson\core\jackson-core\2.10.3\jackson-core-2.10.3.jar;C:\Users\shrav\.m2\repository\org\bouncycastle\bcpkix-jdk15on\1.64\bcpkix-jdk15on-1.64.jar;C:\Users\shrav\.m2\repository\org\bouncycastle\bcprov-jdk15on\1.64\bcprov-jdk15on-1.64.jar;C:\Users\shrav\.m2\repository\org\slf4j\jcl-over-slf4j\1.7.30\jcl-over-slf4j-1.7.30.jar;C:\Users\shrav\.m2\repository\com\github\docker-java\docker-java-transport-httpclient5\3.2.13\docker-java-transport-httpclient5-3.2.13.jar;C:\Users\shrav\.m2\repository\com\github\docker-java\docker-java-transport\3.2.13\docker-java-transport-3.2.13.jar;C:\Users\shrav\.m2\repository\net\java\dev\jna\jna\5.8.0\jna-5.8.0.jar;C:\Users\shrav\.m2\repository\org\brotli\dec\0.1.2\dec-0.1.2.jar;C:\Users\shrav\.m2\repository\org\apache\commons\commons-lang3\3.12.0\commons-lang3-3.12.0.jar;C:\Users\shrav\.m2\repository\org\apache\httpcomponents\client5\httpclient5\5.1.3\httpclient5-5.1.3.jar;C:\Users\shrav\.m2\repository\org\apache\httpcomponents\core5\httpcore5\5.1.3\httpcore5-5.1.3.jar;C:\Users\shrav\.m2\repository\org\apache\httpcomponents\core5\httpcore5-h2\5.1.3\httpcore5-h2-5.1.3.jar;"/>
    <property name="sun.cpu.endian" value="little"/>
    <property name="user.home" value="C:\Users\shrav"/>
    <property name="user.language" value="en"/>
    <property name="java.specification.vendor" value="Oracle Corporation"/>
    <property name="java.version.date" value="2021-10-19"/>
    <property name="java.home" value="C:\Program Files\Java\jdk-17.0.1"/>
    <property name="file.separator" value="\"/>
    <property name="basedir" value="C:\Users\shrav\eclipse-workspace1\com.dsalgoCucumberFramework"/>
    <property name="java.vm.compressedOopsMode" value="Zero based"/>
    <property name="line.separator" value="&#10;"/>
    <property name="java.vm.specification.vendor" value="Oracle Corporation"/>
    <property name="java.specification.name" value="Java Platform API Specification"/>
    <property name="surefire.real.class.path" value="C:\Users\shrav\AppData\Local\Temp\surefire5282415235476086203\surefirebooter-20230620190519962_3.jar"/>
    <property name="user.script" value=""/>
    <property name="sun.management.compiler" value="HotSpot 64-Bit Tiered Compilers"/>
    <property name="java.runtime.version" value="17.0.1+12-LTS-39"/>
    <property name="user.name" value="shrav"/>
    <property name="path.separator" value=";"/>
    <property name="os.version" value="10.0"/>
    <property name="java.runtime.name" value="Java(TM) SE Runtime Environment"/>
    <property name="file.encoding" value="Cp1252"/>
    <property name="java.vm.name" value="Java HotSpot(TM) 64-Bit Server VM"/>
    <property name="localRepository" value="C:\Users\shrav\.m2\repository"/>
    <property name="java.vendor.url.bug" value="https://bugreport.java.com/bugreport/"/>
    <property name="java.io.tmpdir" value="C:\Users\shrav\AppData\Local\Temp\"/>
    <property name="java.version" value="17.0.1"/>
    <property name="user.dir" value="C:\Users\shrav\eclipse-workspace1\com.dsalgoCucumberFramework"/>
    <property name="os.arch" value="amd64"/>
    <property name="java.vm.specification.name" value="Java Virtual Machine Specification"/>
    <property name="sun.os.patch.level" value=""/>
    <property name="native.encoding" value="Cp1252"/>
    <property name="java.library.path" value="C:\Program Files\Java\jdk-17.0.1\bin;C:\WINDOWS\Sun\Java\bin;C:\WINDOWS\system32;C:\WINDOWS;C:/Program Files/Java/jdk-17.0.1/bin/server;C:/Program Files/Java/jdk-17.0.1/bin;C:\WINDOWS;C:\WINDOWS\System32\Wbem;C:\WINDOWS\System32\WindowsPowerShell\v1.0\;C:\WINDOWS\System32\OpenSSH\;C:\Program Files\dotnet\;C:\Users\shrav\Downloads\allure-commandline-2.17.0\allure-2.17.0\bin;C:\Program Files\Java\jdk-17.0.1\bin;C:\Program Files\Git\cmd;C:\Windows\system32;C:\Users\shrav\Downloads\allure-commandline-2.17.3\allure-2.17.3\bin;&quot;C:\Program Files;C:\Winnt;C:\Winnt\System32&quot;;C:\WINDOWS\system32;C:\Program Files\apache-maven-3.9.1\bin;C:\Program Files\nodejs\;C:\Program Files\Android-sdk\tools;C:\Program Files\heroku\bin;C:\Users\shrav\AppData\Local\Microsoft\WindowsApps;C:\Program Files\apache-maven-3.9.1\bin;C:\Program Files\Java\jdk-17.0.1\bin;C:\Program Files\apache-maven-3.9.1\bin;C:\Users\shrav\AppData\Roaming\npm;C:\WINDOWS\System32;;."/>
    <property name="java.vm.info" value="mixed mode, sharing"/>
    <property name="java.vendor" value="Oracle Corporation"/>
    <property name="java.vm.version" value="17.0.1+12-LTS-39"/>
    <property name="sun.io.unicode.encoding" value="UnicodeLittle"/>
    <property name="java.class.version" value="61.0"/>
  </properties>
  <testcase name="runScenario[&quot;User launch home page of an dsalgo project&quot;, &quot;User launch dsalgo application and test Home page&quot;](1)" classname="Runner.testRunner" time="0.873">
    <system-out><![CDATA[browser value is: chrome
[INFO ] 2023-06-20 19:05:23.693 [main] Loggerload - ===============================================================================================
[INFO ] 2023-06-20 19:05:23.696 [main] Loggerload - [@homePage, @home_pageTS-01] : User launch home page of an dsalgo project
[INFO ] 2023-06-20 19:05:23.696 [main] Loggerload - -----------------------------------------------------------------------------------------------
[INFO ] 2023-06-20 19:05:23.713 [main] Loggerload - User is on DSAlgo portal page
[INFO ] 2023-06-20 19:05:24.017 [main] Loggerload - User clicks on "Getstarted link" on Main Page
[INFO ] 2023-06-20 19:05:24.383 [main] Loggerload - Title of current page is ***** NumpyNinja ****
]]></system-out>
    <system-err><![CDATA[SLF4J: Failed to load class "org.slf4j.impl.StaticLoggerBinder".
SLF4J: Defaulting to no-operation (NOP) logger implementation
SLF4J: See http://www.slf4j.org/codes.html#StaticLoggerBinder for further details.
Starting ChromeDriver 113.0.5672.63 (0e1a4471d5ae5bf128b1bd8f4d627c8cbd55f70c-refs/branch-heads/5672@{#912}) on port 61855
Only local connections are allowed.
Please see https://chromedriver.chromium.org/security-considerations for suggestions on keeping ChromeDriver safe.
ChromeDriver was started successfully.
Jun 20, 2023 7:05:23 PM org.openqa.selenium.remote.ProtocolHandshake createSession
INFO: Detected upstream dialect: W3C
Jun 20, 2023 7:05:23 PM org.openqa.selenium.devtools.CdpVersionFinder findNearestMatch
WARNING: Unable to find an exact match for CDP version 113, so returning the closest version found: a no-op implementation
Jun 20, 2023 7:05:23 PM org.openqa.selenium.devtools.CdpVersionFinder findNearestMatch
INFO: Unable to find CDP implementation matching 113.
Jun 20, 2023 7:05:23 PM org.openqa.selenium.chromium.ChromiumDriver lambda$new$3
WARNING: Unable to find version of CDP to use for . You may need to include a dependency on a specific version of the CDP using something similar to `org.seleniumhq.selenium:selenium-devtools-v86:4.5.0` where the version ("v86") matches the version of the chromium-based browser you're using and the version number of the artifact is the same as Selenium's.
]]></system-err>
  </testcase>
  <testcase name="runScenario[&quot;User is on Home page and click getstarted link &quot;Datastructures&quot; on home page without sign in&quot;, &quot;User launch dsalgo application and test Home page&quot;](2)" classname="Runner.testRunner" time="0.393">
    <system-out><![CDATA[[INFO ] 2023-06-20 19:05:24.429 [main] Loggerload - ===============================================================================================
[INFO ] 2023-06-20 19:05:24.429 [main] Loggerload - [@homePage, @home_pageTS-02] : User is on Home page and click getstarted link "Datastructures" on home page without sign in
[INFO ] 2023-06-20 19:05:24.429 [main] Loggerload - -----------------------------------------------------------------------------------------------
[INFO ] 2023-06-20 19:05:24.430 [main] Loggerload - User is on Home page
[INFO ] 2023-06-20 19:05:24.792 [main] Loggerload - Actual Message : You are not logged in
]]></system-out>
  </testcase>
  <testcase name="runScenario[&quot;User is on Home page and click getstarted link &quot;Arrays&quot; on home page without sign in&quot;, &quot;User launch dsalgo application and test Home page&quot;](3)" classname="Runner.testRunner" time="0.363">
    <system-out><![CDATA[[INFO ] 2023-06-20 19:05:24.807 [main] Loggerload - ===============================================================================================
[INFO ] 2023-06-20 19:05:24.807 [main] Loggerload - [@homePage, @home_pageTS-02] : User is on Home page and click getstarted link "Arrays" on home page without sign in
[INFO ] 2023-06-20 19:05:24.807 [main] Loggerload - -----------------------------------------------------------------------------------------------
[INFO ] 2023-06-20 19:05:24.808 [main] Loggerload - User is on Home page
[INFO ] 2023-06-20 19:05:25.154 [main] Loggerload - Actual Message : You are not logged in
]]></system-out>
  </testcase>
  <testcase name="runScenario[&quot;User is on Home page and click getstarted link &quot;Linkedlist&quot; on home page without sign in&quot;, &quot;User launch dsalgo application and test Home page&quot;](4)" classname="Runner.testRunner" time="0.369">
    <system-out><![CDATA[[INFO ] 2023-06-20 19:05:25.169 [main] Loggerload - ===============================================================================================
[INFO ] 2023-06-20 19:05:25.169 [main] Loggerload - [@homePage, @home_pageTS-02] : User is on Home page and click getstarted link "Linkedlist" on home page without sign in
[INFO ] 2023-06-20 19:05:25.169 [main] Loggerload - -----------------------------------------------------------------------------------------------
[INFO ] 2023-06-20 19:05:25.170 [main] Loggerload - User is on Home page
[INFO ] 2023-06-20 19:05:25.523 [main] Loggerload - Actual Message : You are not logged in
]]></system-out>
  </testcase>
  <testcase name="runScenario[&quot;User is on Home page and click getstarted link &quot;Stack&quot; on home page without sign in&quot;, &quot;User launch dsalgo application and test Home page&quot;](5)" classname="Runner.testRunner" time="0.359">
    <system-out><![CDATA[[INFO ] 2023-06-20 19:05:25.535 [main] Loggerload - ===============================================================================================
[INFO ] 2023-06-20 19:05:25.536 [main] Loggerload - [@homePage, @home_pageTS-02] : User is on Home page and click getstarted link "Stack" on home page without sign in
[INFO ] 2023-06-20 19:05:25.536 [main] Loggerload - -----------------------------------------------------------------------------------------------
[INFO ] 2023-06-20 19:05:25.538 [main] Loggerload - User is on Home page
[INFO ] 2023-06-20 19:05:25.883 [main] Loggerload - Actual Message : You are not logged in
]]></system-out>
  </testcase>
  <testcase name="runScenario[&quot;User is on Home page and click getstarted link &quot;Queue&quot; on home page without sign in&quot;, &quot;User launch dsalgo application and test Home page&quot;](6)" classname="Runner.testRunner" time="0.339">
    <system-out><![CDATA[[INFO ] 2023-06-20 19:05:25.906 [main] Loggerload - ===============================================================================================
[INFO ] 2023-06-20 19:05:25.906 [main] Loggerload - [@homePage, @home_pageTS-02] : User is on Home page and click getstarted link "Queue" on home page without sign in
[INFO ] 2023-06-20 19:05:25.906 [main] Loggerload - -----------------------------------------------------------------------------------------------
[INFO ] 2023-06-20 19:05:25.906 [main] Loggerload - User is on Home page
[INFO ] 2023-06-20 19:05:26.222 [main] Loggerload - Actual Message : You are not logged in
]]></system-out>
  </testcase>
  <testcase name="runScenario[&quot;User is on Home page and click getstarted link &quot;Tree&quot; on home page without sign in&quot;, &quot;User launch dsalgo application and test Home page&quot;](7)" classname="Runner.testRunner" time="0.337">
    <system-out><![CDATA[[INFO ] 2023-06-20 19:05:26.242 [main] Loggerload - ===============================================================================================
[INFO ] 2023-06-20 19:05:26.242 [main] Loggerload - [@homePage, @home_pageTS-02] : User is on Home page and click getstarted link "Tree" on home page without sign in
[INFO ] 2023-06-20 19:05:26.242 [main] Loggerload - -----------------------------------------------------------------------------------------------
[INFO ] 2023-06-20 19:05:26.243 [main] Loggerload - User is on Home page
[INFO ] 2023-06-20 19:05:26.560 [main] Loggerload - Actual Message : You are not logged in
]]></system-out>
  </testcase>
  <testcase name="runScenario[&quot;User is on Home page and click getstarted link &quot;Graph&quot; on home page without sign in&quot;, &quot;User launch dsalgo application and test Home page&quot;](8)" classname="Runner.testRunner" time="0.376">
    <system-out><![CDATA[[INFO ] 2023-06-20 19:05:26.574 [main] Loggerload - ===============================================================================================
[INFO ] 2023-06-20 19:05:26.574 [main] Loggerload - [@homePage, @home_pageTS-02] : User is on Home page and click getstarted link "Graph" on home page without sign in
[INFO ] 2023-06-20 19:05:26.575 [main] Loggerload - -----------------------------------------------------------------------------------------------
[INFO ] 2023-06-20 19:05:26.575 [main] Loggerload - User is on Home page
[INFO ] 2023-06-20 19:05:26.933 [main] Loggerload - Actual Message : You are not logged in
]]></system-out>
  </testcase>
  <testcase name="runScenario[&quot;User is on Home page and click on dropdown &quot;Arrays&quot; without sign in&quot;, &quot;User launch dsalgo application and test Home page&quot;](9)" classname="Runner.testRunner" time="0.343">
    <system-out><![CDATA[[INFO ] 2023-06-20 19:05:26.945 [main] Loggerload - ===============================================================================================
[INFO ] 2023-06-20 19:05:26.946 [main] Loggerload - [@homePage, @home_pageTS-03] : User is on Home page and click on dropdown "Arrays" without sign in
[INFO ] 2023-06-20 19:05:26.946 [main] Loggerload - -----------------------------------------------------------------------------------------------
[INFO ] 2023-06-20 19:05:26.946 [main] Loggerload - User is on Home page
[INFO ] 2023-06-20 19:05:27.044 [main] Loggerload - User clicks on dropdown without login
[INFO ] 2023-06-20 19:05:27.278 [main] Loggerload - Actual Message : You are not logged in
]]></system-out>
  </testcase>
  <testcase name="runScenario[&quot;User is on Home page and click on dropdown &quot;Linkedlist&quot; without sign in&quot;, &quot;User launch dsalgo application and test Home page&quot;](10)" classname="Runner.testRunner" time="0.342">
    <system-out><![CDATA[[INFO ] 2023-06-20 19:05:27.287 [main] Loggerload - ===============================================================================================
[INFO ] 2023-06-20 19:05:27.288 [main] Loggerload - [@homePage, @home_pageTS-03] : User is on Home page and click on dropdown "Linkedlist" without sign in
[INFO ] 2023-06-20 19:05:27.288 [main] Loggerload - -----------------------------------------------------------------------------------------------
[INFO ] 2023-06-20 19:05:27.288 [main] Loggerload - User is on Home page
[INFO ] 2023-06-20 19:05:27.379 [main] Loggerload - User clicks on dropdown without login
[INFO ] 2023-06-20 19:05:27.619 [main] Loggerload - Actual Message : You are not logged in
]]></system-out>
  </testcase>
  <testcase name="runScenario[&quot;User is on Home page and click on dropdown &quot;Stack&quot; without sign in&quot;, &quot;User launch dsalgo application and test Home page&quot;](11)" classname="Runner.testRunner" time="0.318">
    <system-out><![CDATA[[INFO ] 2023-06-20 19:05:27.628 [main] Loggerload - ===============================================================================================
[INFO ] 2023-06-20 19:05:27.629 [main] Loggerload - [@homePage, @home_pageTS-03] : User is on Home page and click on dropdown "Stack" without sign in
[INFO ] 2023-06-20 19:05:27.629 [main] Loggerload - -----------------------------------------------------------------------------------------------
[INFO ] 2023-06-20 19:05:27.629 [main] Loggerload - User is on Home page
[INFO ] 2023-06-20 19:05:27.718 [main] Loggerload - User clicks on dropdown without login
[INFO ] 2023-06-20 19:05:27.937 [main] Loggerload - Actual Message : You are not logged in
]]></system-out>
  </testcase>
  <testcase name="runScenario[&quot;User is on Home page and click on dropdown &quot;Queue&quot; without sign in&quot;, &quot;User launch dsalgo application and test Home page&quot;](12)" classname="Runner.testRunner" time="0.339">
    <system-out><![CDATA[[INFO ] 2023-06-20 19:05:27.946 [main] Loggerload - ===============================================================================================
[INFO ] 2023-06-20 19:05:27.946 [main] Loggerload - [@homePage, @home_pageTS-03] : User is on Home page and click on dropdown "Queue" without sign in
[INFO ] 2023-06-20 19:05:27.946 [main] Loggerload - -----------------------------------------------------------------------------------------------
[INFO ] 2023-06-20 19:05:27.946 [main] Loggerload - User is on Home page
[INFO ] 2023-06-20 19:05:28.031 [main] Loggerload - User clicks on dropdown without login
[INFO ] 2023-06-20 19:05:28.275 [main] Loggerload - Actual Message : You are not logged in
]]></system-out>
  </testcase>
  <testcase name="runScenario[&quot;User is on Home page and click on dropdown &quot;Tree&quot; without sign in&quot;, &quot;User launch dsalgo application and test Home page&quot;](13)" classname="Runner.testRunner" time="0.374">
    <system-out><![CDATA[[INFO ] 2023-06-20 19:05:28.294 [main] Loggerload - ===============================================================================================
[INFO ] 2023-06-20 19:05:28.295 [main] Loggerload - [@homePage, @home_pageTS-03] : User is on Home page and click on dropdown "Tree" without sign in
[INFO ] 2023-06-20 19:05:28.295 [main] Loggerload - -----------------------------------------------------------------------------------------------
[INFO ] 2023-06-20 19:05:28.297 [main] Loggerload - User is on Home page
[INFO ] 2023-06-20 19:05:28.404 [main] Loggerload - User clicks on dropdown without login
[INFO ] 2023-06-20 19:05:28.650 [main] Loggerload - Actual Message : You are not logged in
]]></system-out>
  </testcase>
  <testcase name="runScenario[&quot;User is on Home page and click on dropdown &quot;Graph&quot; without sign in&quot;, &quot;User launch dsalgo application and test Home page&quot;](14)" classname="Runner.testRunner" time="0.352">
    <system-out><![CDATA[[INFO ] 2023-06-20 19:05:28.670 [main] Loggerload - ===============================================================================================
[INFO ] 2023-06-20 19:05:28.671 [main] Loggerload - [@homePage, @home_pageTS-03] : User is on Home page and click on dropdown "Graph" without sign in
[INFO ] 2023-06-20 19:05:28.671 [main] Loggerload - -----------------------------------------------------------------------------------------------
[INFO ] 2023-06-20 19:05:28.672 [main] Loggerload - User is on Home page
[INFO ] 2023-06-20 19:05:28.756 [main] Loggerload - User clicks on dropdown without login
[INFO ] 2023-06-20 19:05:29.003 [main] Loggerload - Actual Message : You are not logged in
]]></system-out>
  </testcase>
  <testcase name="runScenario[&quot;User is on Home page and click on sign in&quot;, &quot;User launch dsalgo application and test Home page&quot;](15)" classname="Runner.testRunner" time="0.262">
    <system-out><![CDATA[[INFO ] 2023-06-20 19:05:29.021 [main] Loggerload - ===============================================================================================
[INFO ] 2023-06-20 19:05:29.021 [main] Loggerload - [@homePage, @home_pageTS-04] : User is on Home page and click on sign in
[INFO ] 2023-06-20 19:05:29.022 [main] Loggerload - -----------------------------------------------------------------------------------------------
[INFO ] 2023-06-20 19:05:29.023 [main] Loggerload - User is on Home page
[INFO ] 2023-06-20 19:05:29.111 [main] Loggerload - User clicks on Sign in 
[INFO ] 2023-06-20 19:05:29.259 [main] Loggerload - User redirected to login page 
[INFO ] 2023-06-20 19:05:29.266 [main] Loggerload - Title of current page is : Login
]]></system-out>
  </testcase>
  <testcase name="runScenario[&quot;User is on Home page and click on Register&quot;, &quot;User launch dsalgo application and test Home page&quot;](16)" classname="Runner.testRunner" time="0.273">
    <system-out><![CDATA[[INFO ] 2023-06-20 19:05:29.276 [main] Loggerload - ===============================================================================================
[INFO ] 2023-06-20 19:05:29.276 [main] Loggerload - [@homePage, @home_pageTS-05] : User is on Home page and click on Register
[INFO ] 2023-06-20 19:05:29.276 [main] Loggerload - -----------------------------------------------------------------------------------------------
[INFO ] 2023-06-20 19:05:29.277 [main] Loggerload - User is on Home page
[INFO ] 2023-06-20 19:05:29.366 [main] Loggerload - User clicks on Register 
[INFO ] 2023-06-20 19:05:29.536 [main] Loggerload - Title of current page is : Registration
]]></system-out>
  </testcase>
  <testcase name="runScenario[&quot;User launch home page of an dsalgo project&quot;, &quot;Validating Register page&quot;](17)" classname="Runner.testRunner" time="0.289">
    <system-out><![CDATA[[INFO ] 2023-06-20 19:05:29.560 [main] Loggerload - ===============================================================================================
[INFO ] 2023-06-20 19:05:29.560 [main] Loggerload - [@register, @TS_register_01] : User launch home page of an dsalgo project
[INFO ] 2023-06-20 19:05:29.561 [main] Loggerload - -----------------------------------------------------------------------------------------------
[INFO ] 2023-06-20 19:05:29.563 [main] Loggerload - User is on DSAlgo portal page
[INFO ] 2023-06-20 19:05:29.685 [main] Loggerload - User clicks on "Getstarted link" on Main Page
[INFO ] 2023-06-20 19:05:29.828 [main] Loggerload - Title of current page is ***** NumpyNinja ****
]]></system-out>
  </testcase>
  <testcase name="runScenario[&quot;The user is presented with error message for empty fields below Username textbox&quot;, &quot;Validating Register page&quot;](18)" classname="Runner.testRunner" time="0.279">
    <system-out><![CDATA[[INFO ] 2023-06-20 19:05:29.838 [main] Loggerload - ===============================================================================================
[INFO ] 2023-06-20 19:05:29.838 [main] Loggerload - [@register, @TS_register_02] : The user is presented with error message for empty fields below Username textbox
[INFO ] 2023-06-20 19:05:29.838 [main] Loggerload - -----------------------------------------------------------------------------------------------
[INFO ] 2023-06-20 19:05:29.840 [main] Loggerload - The user opens Register Page
[INFO ] 2023-06-20 19:05:29.959 [main] Loggerload - The user do not enter any values
[INFO ] 2023-06-20 19:05:29.959 [main] Loggerload - The user clicks on Register button
[INFO ] 2023-06-20 19:05:30.058 [main] Loggerload - Error message is displayed Please fill out this field. an error below Username textbox
]]></system-out>
  </testcase>
  <testcase name="runScenario[&quot;The user is presented with error message for empty fields below Password textbox&quot;, &quot;Validating Register page&quot;](19)" classname="Runner.testRunner" time="0.185">
    <system-out><![CDATA[[INFO ] 2023-06-20 19:05:30.121 [main] Loggerload - ===============================================================================================
[INFO ] 2023-06-20 19:05:30.121 [main] Loggerload - [@register, @TS_register_03] : The user is presented with error message for empty fields below Password textbox
[INFO ] 2023-06-20 19:05:30.121 [main] Loggerload - -----------------------------------------------------------------------------------------------
[INFO ] 2023-06-20 19:05:30.122 [main] Loggerload - The user opens Register Page
[INFO ] 2023-06-20 19:05:30.216 [main] Loggerload - The user enter valid username with other fields empty
[INFO ] 2023-06-20 19:05:30.217 [main] Loggerload - The user enter username as : dsalgo_123
[INFO ] 2023-06-20 19:05:30.241 [main] Loggerload - Error message is displayed Please fill out this field. an error below Password textbox
]]></system-out>
  </testcase>
  <testcase name="runScenario[&quot;The user is presented with error message for empty fields below confirm Password textbox&quot;, &quot;Validating Register page&quot;](20)" classname="Runner.testRunner" time="0.324">
    <system-out><![CDATA[[INFO ] 2023-06-20 19:05:30.311 [main] Loggerload - ===============================================================================================
[INFO ] 2023-06-20 19:05:30.311 [main] Loggerload - [@register, @TS_register_04] : The user is presented with error message for empty fields below confirm Password textbox
[INFO ] 2023-06-20 19:05:30.311 [main] Loggerload - -----------------------------------------------------------------------------------------------
[INFO ] 2023-06-20 19:05:30.313 [main] Loggerload - The user opens Register Page
[INFO ] 2023-06-20 19:05:30.403 [main] Loggerload - The user enter username as : username
[INFO ] 2023-06-20 19:05:30.404 [main] Loggerload - The user enter password as : dsalgo123
[INFO ] 2023-06-20 19:05:30.456 [main] Loggerload - The user clicks on Register button
[INFO ] 2023-06-20 19:05:30.527 [main] Loggerload - Error message is displayed Please fill out this field. an error below Username textbox
]]></system-out>
  </testcase>
  <testcase name="runScenario[&quot;Verifying Register link&quot;, &quot;Validating Login page&quot;](21)" classname="Runner.testRunner" time="0.362">
    <system-out><![CDATA[[INFO ] 2023-06-20 19:05:30.630 [main] Loggerload - ===============================================================================================
[INFO ] 2023-06-20 19:05:30.631 [main] Loggerload - [@signin, @TS_signin_01] : Verifying Register link
[INFO ] 2023-06-20 19:05:30.631 [main] Loggerload - -----------------------------------------------------------------------------------------------
[INFO ] 2023-06-20 19:05:30.636 [main] Loggerload - User is on Sigin Page
[INFO ] 2023-06-20 19:05:30.745 [main] Loggerload - User clicks on Register 
[INFO ] 2023-06-20 19:05:30.971 [main] Loggerload - User redirected to Registraion page 
[INFO ] 2023-06-20 19:05:30.978 [main] Loggerload - Title of the Page : " Registration" 
]]></system-out>
  </testcase>
  <testcase name="runScenario[&quot;User on login page and login with invalid inputs &quot;user&quot; and &quot;&quot;&quot;, &quot;Validating Login page&quot;](22)" classname="Runner.testRunner" time="0.293">
    <system-out><![CDATA[[INFO ] 2023-06-20 19:05:30.988 [main] Loggerload - ===============================================================================================
[INFO ] 2023-06-20 19:05:30.988 [main] Loggerload - [@signin, @TS_signin_02] : User on login page and login with invalid inputs "user" and ""
[INFO ] 2023-06-20 19:05:30.988 [main] Loggerload - -----------------------------------------------------------------------------------------------
[INFO ] 2023-06-20 19:05:30.989 [main] Loggerload - User is on Sigin Page
[INFO ] 2023-06-20 19:05:31.086 [main] Loggerload - User Enter username as " user " and Password as " " 
[INFO ] 2023-06-20 19:05:31.237 [main] Loggerload - Empty field value is validated
[INFO ] 2023-06-20 19:05:31.237 [main] Loggerload - User clicks on login button
]]></system-out>
  </testcase>
  <testcase name="runScenario[&quot;User on login page and login with invalid inputs &quot;&quot; and &quot;passowrd&quot;&quot;, &quot;Validating Login page&quot;](23)" classname="Runner.testRunner" time="0.275">
    <system-out><![CDATA[[INFO ] 2023-06-20 19:05:31.279 [main] Loggerload - ===============================================================================================
[INFO ] 2023-06-20 19:05:31.279 [main] Loggerload - [@signin, @TS_signin_02] : User on login page and login with invalid inputs "" and "passowrd"
[INFO ] 2023-06-20 19:05:31.279 [main] Loggerload - -----------------------------------------------------------------------------------------------
[INFO ] 2023-06-20 19:05:31.280 [main] Loggerload - User is on Sigin Page
[INFO ] 2023-06-20 19:05:31.378 [main] Loggerload - User Enter username as "  " and Password as " passowrd" 
[INFO ] 2023-06-20 19:05:31.511 [main] Loggerload - Empty field value is validated
[INFO ] 2023-06-20 19:05:31.512 [main] Loggerload - User clicks on login button
]]></system-out>
  </testcase>
  <testcase name="runScenario[&quot;User on login page and login with invalid inputs &quot;&quot; and &quot;&quot;&quot;, &quot;Validating Login page&quot;](24)" classname="Runner.testRunner" time="0.261">
    <system-out><![CDATA[[INFO ] 2023-06-20 19:05:31.555 [main] Loggerload - ===============================================================================================
[INFO ] 2023-06-20 19:05:31.556 [main] Loggerload - [@signin, @TS_signin_02] : User on login page and login with invalid inputs "" and ""
[INFO ] 2023-06-20 19:05:31.556 [main] Loggerload - -----------------------------------------------------------------------------------------------
[INFO ] 2023-06-20 19:05:31.557 [main] Loggerload - User is on Sigin Page
[INFO ] 2023-06-20 19:05:31.648 [main] Loggerload - User Enter username as "  " and Password as " " 
[INFO ] 2023-06-20 19:05:31.775 [main] Loggerload - Empty field value is validated
[INFO ] 2023-06-20 19:05:31.776 [main] Loggerload - User clicks on login button
]]></system-out>
  </testcase>
  <testcase name="runScenario[&quot;User on login page and login with invalid and valid inputs from Excel &quot;Sheet1&quot; and 0&quot;, &quot;Validating Login page&quot;](25)" classname="Runner.testRunner" time="1.369">
    <system-out><![CDATA[[INFO ] 2023-06-20 19:05:31.815 [main] Loggerload - ===============================================================================================
[INFO ] 2023-06-20 19:05:31.815 [main] Loggerload - [@signin, @TS_signin_03] : User on login page and login with invalid and valid inputs from Excel "Sheet1" and 0
[INFO ] 2023-06-20 19:05:31.815 [main] Loggerload - -----------------------------------------------------------------------------------------------
[INFO ] 2023-06-20 19:05:31.815 [main] Loggerload - User is on Sigin Page
[INFO ] 2023-06-20 19:05:32.732 [main] Loggerload - User Enter username as " username "and Password as " user" 
[INFO ] 2023-06-20 19:05:32.892 [main] Loggerload - User clicks on login button
[INFO ] 2023-06-20 19:05:32.892 [main] Loggerload - Expected Message - Excel Sheet :  Invalid Username and Password
[INFO ] 2023-06-20 19:05:33.177 [main] Loggerload - Actual Message :  Invalid Username and Password
]]></system-out>
  </testcase>
  <testcase name="runScenario[&quot;User on login page and login with invalid and valid inputs from Excel &quot;Sheet1&quot; and 1&quot;, &quot;Validating Login page&quot;](26)" classname="Runner.testRunner" time="0.484">
    <system-out><![CDATA[[INFO ] 2023-06-20 19:05:33.184 [main] Loggerload - ===============================================================================================
[INFO ] 2023-06-20 19:05:33.185 [main] Loggerload - [@signin, @TS_signin_03] : User on login page and login with invalid and valid inputs from Excel "Sheet1" and 1
[INFO ] 2023-06-20 19:05:33.185 [main] Loggerload - -----------------------------------------------------------------------------------------------
[INFO ] 2023-06-20 19:05:33.185 [main] Loggerload - User is on Sigin Page
[INFO ] 2023-06-20 19:05:33.323 [main] Loggerload - User Enter username as " user "and Password as " username" 
[INFO ] 2023-06-20 19:05:33.464 [main] Loggerload - User clicks on login button
[INFO ] 2023-06-20 19:05:33.464 [main] Loggerload - Expected Message - Excel Sheet :  Invalid Username and Password
[INFO ] 2023-06-20 19:05:33.660 [main] Loggerload - Actual Message :  Invalid Username and Password
]]></system-out>
  </testcase>
  <testcase name="runScenario[&quot;User on login page and login with invalid and valid inputs from Excel &quot;Sheet1&quot; and 2&quot;, &quot;Validating Login page&quot;](27)" classname="Runner.testRunner" time="0.704">
    <system-out><![CDATA[[INFO ] 2023-06-20 19:05:33.669 [main] Loggerload - ===============================================================================================
[INFO ] 2023-06-20 19:05:33.669 [main] Loggerload - [@signin, @TS_signin_03] : User on login page and login with invalid and valid inputs from Excel "Sheet1" and 2
[INFO ] 2023-06-20 19:05:33.669 [main] Loggerload - -----------------------------------------------------------------------------------------------
[INFO ] 2023-06-20 19:05:33.670 [main] Loggerload - User is on Sigin Page
[INFO ] 2023-06-20 19:05:33.808 [main] Loggerload - User Enter username as " username "and Password as " dsalgo123" 
[INFO ] 2023-06-20 19:05:34.023 [main] Loggerload - User clicks on login button
[INFO ] 2023-06-20 19:05:34.023 [main] Loggerload - Expected Message - Excel Sheet :  You are logged in
[INFO ] 2023-06-20 19:05:34.364 [main] Loggerload - Actual Message :  You are logged in
]]></system-out>
  </testcase>
  <testcase name="runScenario[&quot;User on login page and login with invalid and valid inputs from Excel &quot;Sheet1&quot; and 3&quot;, &quot;Validating Login page&quot;](28)" classname="Runner.testRunner" time="0.511">
    <system-out><![CDATA[[INFO ] 2023-06-20 19:05:34.372 [main] Loggerload - ===============================================================================================
[INFO ] 2023-06-20 19:05:34.372 [main] Loggerload - [@signin, @TS_signin_03] : User on login page and login with invalid and valid inputs from Excel "Sheet1" and 3
[INFO ] 2023-06-20 19:05:34.372 [main] Loggerload - -----------------------------------------------------------------------------------------------
[INFO ] 2023-06-20 19:05:34.373 [main] Loggerload - User is on Sigin Page
[INFO ] 2023-06-20 19:05:34.522 [main] Loggerload - User Enter username as " Numpy "and Password as " NumpyNinja" 
[INFO ] 2023-06-20 19:05:34.678 [main] Loggerload - User clicks on login button
[INFO ] 2023-06-20 19:05:34.678 [main] Loggerload - Expected Message - Excel Sheet :  Invalid Username and Password
[INFO ] 2023-06-20 19:05:34.875 [main] Loggerload - Actual Message :  Invalid Username and Password
]]></system-out>
  </testcase>
  <testcase name="runScenario[&quot;Verifying signout link&quot;, &quot;Validating Login page&quot;](29)" classname="Runner.testRunner" time="0.68">
    <system-out><![CDATA[[INFO ] 2023-06-20 19:05:34.883 [main] Loggerload - ===============================================================================================
[INFO ] 2023-06-20 19:05:34.883 [main] Loggerload - [@signin, @TS_signin_04] : Verifying signout link
[INFO ] 2023-06-20 19:05:34.883 [main] Loggerload - -----------------------------------------------------------------------------------------------
[INFO ] 2023-06-20 19:05:35.555 [main] Loggerload - Title of current page isNumpyNinja
]]></system-out>
  </testcase>
  <testcase name="runScenario[&quot;The user is able to navigate to &quot;ARRAY&quot; Data Structure Page&quot;, &quot;User launch dsalgo application and test Array page&quot;](30)" classname="Runner.testRunner" time="0.949">
    <system-out><![CDATA[[INFO ] 2023-06-20 19:05:35.568 [main] Loggerload - ===============================================================================================
[INFO ] 2023-06-20 19:05:35.569 [main] Loggerload - [@array, @TS_array_02] : The user is able to navigate to "ARRAY" Data Structure Page
[INFO ] 2023-06-20 19:05:35.569 [main] Loggerload - -----------------------------------------------------------------------------------------------
[INFO ] 2023-06-20 19:05:35.570 [main] Loggerload - The user is on Signin page of DS Algo portal
[INFO ] 2023-06-20 19:05:35.690 [main] Loggerload - User clicks on login button
[INFO ] 2023-06-20 19:05:36.224 [main] Loggerload - Title of current page isNumpyNinja
[INFO ] 2023-06-20 19:05:36.316 [main] Loggerload - The user is on the home page after logged in
[INFO ] 2023-06-20 19:05:36.317 [main] Loggerload - The user select Array item from the drop down menu
[INFO ] 2023-06-20 19:05:36.498 [main] Loggerload - User redirected to Array Page 
[INFO ] 2023-06-20 19:05:36.502 [main] Loggerload - Title of current page is : Array
]]></system-out>
  </testcase>
  <testcase name="runScenario[&quot;The user is able to navigate to Arrays in Python page&quot;, &quot;User launch dsalgo application and test Array page&quot;](31)" classname="Runner.testRunner" time="1.176">
    <system-out><![CDATA[[INFO ] 2023-06-20 19:05:36.525 [main] Loggerload - ===============================================================================================
[INFO ] 2023-06-20 19:05:36.526 [main] Loggerload - [@array, @TS_array_03] : The user is able to navigate to Arrays in Python page
[INFO ] 2023-06-20 19:05:36.526 [main] Loggerload - -----------------------------------------------------------------------------------------------
[INFO ] 2023-06-20 19:05:36.527 [main] Loggerload - The user is on Signin page of DS Algo portal
[INFO ] 2023-06-20 19:05:36.639 [main] Loggerload - User clicks on login button
[INFO ] 2023-06-20 19:05:37.133 [main] Loggerload - Title of current page isNumpyNinja
[INFO ] 2023-06-20 19:05:37.276 [main] Loggerload - The user is on the Array page after logged in
[INFO ] 2023-06-20 19:05:37.668 [main] Loggerload - User redirected to Arrays in Python Page 
[INFO ] 2023-06-20 19:05:37.677 [main] Loggerload - Title of current page is : Arrays in Python
]]></system-out>
  </testcase>
  <testcase name="runScenario[&quot;The user is able to navigate to a page having an tryEditor from Arrays in Python page&quot;, &quot;User launch dsalgo application and test Array page&quot;](32)" classname="Runner.testRunner" time="1.283">
    <system-out><![CDATA[[INFO ] 2023-06-20 19:05:37.694 [main] Loggerload - ===============================================================================================
[INFO ] 2023-06-20 19:05:37.694 [main] Loggerload - [@array, @TS_array_04] : The user is able to navigate to a page having an tryEditor from Arrays in Python page
[INFO ] 2023-06-20 19:05:37.695 [main] Loggerload - -----------------------------------------------------------------------------------------------
[INFO ] 2023-06-20 19:05:37.696 [main] Loggerload - The user is on Signin page of DS Algo portal
[INFO ] 2023-06-20 19:05:37.809 [main] Loggerload - User clicks on login button
[INFO ] 2023-06-20 19:05:38.300 [main] Loggerload - Title of current page isNumpyNinja
[INFO ] 2023-06-20 19:05:38.441 [main] Loggerload - The user is on the Arrays in Python page after logged in
[INFO ] 2023-06-20 19:05:38.960 [main] Loggerload - User redirected to a page having an tryEditor with a Run button to test
[INFO ] 2023-06-20 19:05:38.964 [main] Loggerload - Title of current page is : Assessment
]]></system-out>
  </testcase>
  <testcase name="runScenario[&quot;The user is able run code in tryEditor for Arrays in Python page&quot;, &quot;User launch dsalgo application and test Array page&quot;](33)" classname="Runner.testRunner" time="1.226">
    <system-out><![CDATA[[INFO ] 2023-06-20 19:05:38.975 [main] Loggerload - ===============================================================================================
[INFO ] 2023-06-20 19:05:38.975 [main] Loggerload - [@array, @TS_array_05] : The user is able run code in tryEditor for Arrays in Python page
[INFO ] 2023-06-20 19:05:38.976 [main] Loggerload - -----------------------------------------------------------------------------------------------
[INFO ] 2023-06-20 19:05:38.977 [main] Loggerload - The user is on Signin page of DS Algo portal
[INFO ] 2023-06-20 19:05:39.077 [main] Loggerload - User clicks on login button
[INFO ] 2023-06-20 19:05:39.545 [main] Loggerload - Title of current page isNumpyNinja
[INFO ] 2023-06-20 19:05:39.546 [main] Loggerload - The user is in a page having an tryEditor with a Run button to test
[INFO ] 2023-06-20 19:05:39.734 [main] Loggerload - Title of current page is : Assessment
[INFO ] 2023-06-20 19:05:39.735 [main] Loggerload - The user enter valid python code in tryEditor from sheetname :pythonCode and row number : 0
[INFO ] 2023-06-20 19:05:40.187 [main] Loggerload - Actual result  : hello
]]></system-out>
  </testcase>
  <testcase name="runScenario[&quot;The user is presented with error message for code with invalid syntax in tryEditor for Arrays in Python page&quot;, &quot;User launch dsalgo application and test Array page&quot;](34)" classname="Runner.testRunner" time="1.087">
    <system-out><![CDATA[[INFO ] 2023-06-20 19:05:40.204 [main] Loggerload - ===============================================================================================
[INFO ] 2023-06-20 19:05:40.205 [main] Loggerload - [@array, @TS_array_06] : The user is presented with error message for code with invalid syntax in tryEditor for Arrays in Python page
[INFO ] 2023-06-20 19:05:40.205 [main] Loggerload - -----------------------------------------------------------------------------------------------
[INFO ] 2023-06-20 19:05:40.206 [main] Loggerload - The user is on Signin page of DS Algo portal
[INFO ] 2023-06-20 19:05:40.312 [main] Loggerload - User clicks on login button
[INFO ] 2023-06-20 19:05:40.812 [main] Loggerload - Title of current page isNumpyNinja
[INFO ] 2023-06-20 19:05:40.813 [main] Loggerload - The user is in a page having an tryEditor with a Run button to test
[INFO ] 2023-06-20 19:05:40.996 [main] Loggerload - Title of current page is : Assessment
[INFO ] 2023-06-20 19:05:40.997 [main] Loggerload - The user enter valid python code in tryEditor from sheetname :pythonCode and row number : 1
[INFO ] 2023-06-20 19:05:41.275 [main] Loggerload - Actual Error message is  : NameError: name 'hello' is not defined on line 1
]]></system-out>
  </testcase>
</testsuite>