<?xml version="1.0" encoding="UTF-8"?>
<!-- Generated by org.testng.reporters.JUnitReportReporter -->
<testsuite hostname="DESKTOP-GPKURBV" failures="0" tests="34" name="Runner.testRunner" time="47.061" errors="0" timestamp="2023-06-26T21:56:01 CDT" skipped="0">
  <testcase classname="Runner.testRunner" name="runScenario" time="0.938"/>
  <system-out/>
  <testcase classname="Runner.testRunner" name="runScenario" time="4.006"/>
  <system-out/>
  <testcase classname="Runner.testRunner" name="runScenario" time="0.478"/>
  <system-out/>
  <testcase classname="Runner.testRunner" name="runScenario" time="0.431"/>
  <system-out/>
  <testcase classname="Runner.testRunner" name="runScenario" time="1.070"/>
  <system-out/>
  <testcase classname="Runner.testRunner" name="runScenario" time="0.465"/>
  <system-out/>
  <testcase classname="Runner.testRunner" name="runScenario" time="0.408"/>
  <system-out/>
  <testcase classname="Runner.testRunner" name="runScenario" time="7.618"/>
  <system-out/>
  <testcase classname="Runner.testRunner" name="runScenario" time="2.030"/>
  <system-out/>
  <testcase classname="Runner.testRunner" name="runScenario" time="2.721"/>
  <system-out/>
  <testcase classname="Runner.testRunner" name="runScenario" time="0.437"/>
  <system-out/>
  <testcase classname="Runner.testRunner" name="runScenario" time="3.100"/>
  <system-out/>
  <testcase classname="Runner.testRunner" name="runScenario" time="0.469"/>
  <system-out/>
  <testcase classname="Runner.testRunner" name="runScenario" time="0.374"/>
  <system-out/>
  <testcase classname="Runner.testRunner" name="runScenario" time="1.114"/>
  <system-out/>
  <testcase classname="Runner.testRunner" name="runScenario" time="0.755"/>
  <system-out/>
  <testcase classname="Runner.testRunner" name="runScenario" time="0.462"/>
  <system-out/>
  <testcase classname="Runner.testRunner" name="runScenario" time="0.327"/>
  <system-out/>
  <testcase classname="Runner.testRunner" name="runScenario" time="1.194"/>
  <system-out/>
  <testcase classname="Runner.testRunner" name="runScenario" time="0.526"/>
  <system-out/>
  <testcase classname="Runner.testRunner" name="runScenario" time="0.625"/>
  <system-out/>
  <testcase classname="Runner.testRunner" name="runScenario" time="1.730"/>
  <system-out/>
  <testcase classname="Runner.testRunner" name="runScenario" time="0.521"/>
  <system-out/>
  <testcase classname="Runner.testRunner" name="runScenario" time="0.670"/>
  <system-out/>
  <testcase classname="Runner.testRunner" name="runScenario" time="1.308"/>
  <system-out/>
  <testcase classname="Runner.testRunner" name="runScenario" time="0.437"/>
  <system-out/>
  <testcase classname="Runner.testRunner" name="runScenario" time="2.279"/>
  <system-out/>
  <testcase classname="Runner.testRunner" name="runScenario" time="3.258"/>
  <system-out/>
  <testcase classname="Runner.testRunner" name="runScenario" time="0.527"/>
  <system-out/>
  <testcase classname="Runner.testRunner" name="runScenario" time="2.721"/>
  <system-out/>
  <testcase classname="Runner.testRunner" name="runScenario" time="2.052"/>
  <system-out/>
  <testcase classname="Runner.testRunner" name="runScenario" time="1.011"/>
  <system-out/>
  <testcase classname="Runner.testRunner" name="runScenario" time="0.524"/>
  <system-out/>
  <testcase classname="Runner.testRunner" name="runScenario" time="0.475"/>
  <system-out/>
</testsuite> <!-- Runner.testRunner -->
