<?xml version="1.0" encoding="UTF-8"?>
<!-- Generated by org.testng.reporters.JUnitReportReporter -->
<testsuite hostname="DESKTOP-GPKURBV" failures="0" tests="34" name="Runner.testRunner" time="15.828" errors="0" timestamp="2023-06-21T11:55:28 CDT" skipped="0">
  <testcase classname="Runner.testRunner" name="runScenario" time="0.278"/>
  <system-out/>
  <testcase classname="Runner.testRunner" name="runScenario" time="0.296"/>
  <system-out/>
  <testcase classname="Runner.testRunner" name="runScenario" time="0.826"/>
  <system-out/>
  <testcase classname="Runner.testRunner" name="runScenario" time="0.326"/>
  <system-out/>
  <testcase classname="Runner.testRunner" name="runScenario" time="1.037"/>
  <system-out/>
  <testcase classname="Runner.testRunner" name="runScenario" time="0.374"/>
  <system-out/>
  <testcase classname="Runner.testRunner" name="runScenario" time="0.955"/>
  <system-out/>
  <testcase classname="Runner.testRunner" name="runScenario" time="0.245"/>
  <system-out/>
  <testcase classname="Runner.testRunner" name="runScenario" time="0.315"/>
  <system-out/>
  <testcase classname="Runner.testRunner" name="runScenario" time="0.233"/>
  <system-out/>
  <testcase classname="Runner.testRunner" name="runScenario" time="0.299"/>
  <system-out/>
  <testcase classname="Runner.testRunner" name="runScenario" time="0.311"/>
  <system-out/>
  <testcase classname="Runner.testRunner" name="runScenario" time="0.612"/>
  <system-out/>
  <testcase classname="Runner.testRunner" name="runScenario" time="0.249"/>
  <system-out/>
  <testcase classname="Runner.testRunner" name="runScenario" time="0.481"/>
  <system-out/>
  <testcase classname="Runner.testRunner" name="runScenario" time="0.276"/>
  <system-out/>
  <testcase classname="Runner.testRunner" name="runScenario" time="0.323"/>
  <system-out/>
  <testcase classname="Runner.testRunner" name="runScenario" time="0.222"/>
  <system-out/>
  <testcase classname="Runner.testRunner" name="runScenario" time="0.242"/>
  <system-out/>
  <testcase classname="Runner.testRunner" name="runScenario" time="0.578"/>
  <system-out/>
  <testcase classname="Runner.testRunner" name="runScenario" time="0.826"/>
  <system-out/>
  <testcase classname="Runner.testRunner" name="runScenario" time="0.294"/>
  <system-out/>
  <testcase classname="Runner.testRunner" name="runScenario" time="0.318"/>
  <system-out/>
  <testcase classname="Runner.testRunner" name="runScenario" time="0.499"/>
  <system-out/>
  <testcase classname="Runner.testRunner" name="runScenario" time="0.258"/>
  <system-out/>
  <testcase classname="Runner.testRunner" name="runScenario" time="1.197"/>
  <system-out/>
  <testcase classname="Runner.testRunner" name="runScenario" time="0.335"/>
  <system-out/>
  <testcase classname="Runner.testRunner" name="runScenario" time="1.304"/>
  <system-out/>
  <testcase classname="Runner.testRunner" name="runScenario" time="0.181"/>
  <system-out/>
  <testcase classname="Runner.testRunner" name="runScenario" time="0.261"/>
  <system-out/>
  <testcase classname="Runner.testRunner" name="runScenario" time="1.008"/>
  <system-out/>
  <testcase classname="Runner.testRunner" name="runScenario" time="0.293"/>
  <system-out/>
  <testcase classname="Runner.testRunner" name="runScenario" time="0.287"/>
  <system-out/>
  <testcase classname="Runner.testRunner" name="runScenario" time="0.289"/>
  <system-out/>
</testsuite> <!-- Runner.testRunner -->
