<?xml version="1.0" encoding="UTF-8"?>
<!-- Generated by org.testng.reporters.JUnitReportReporter -->
<testsuite hostname="DESKTOP-GPKURBV" failures="0" tests="34" name="Runner.testRunner" time="31.528" errors="0" timestamp="2023-06-20T22:28:13 CDT" skipped="0">
  <testcase classname="Runner.testRunner" name="runScenario" time="1.144"/>
  <system-out/>
  <testcase classname="Runner.testRunner" name="runScenario" time="0.501"/>
  <system-out/>
  <testcase classname="Runner.testRunner" name="runScenario" time="1.905"/>
  <system-out/>
  <testcase classname="Runner.testRunner" name="runScenario" time="0.751"/>
  <system-out/>
  <testcase classname="Runner.testRunner" name="runScenario" time="3.068"/>
  <system-out/>
  <testcase classname="Runner.testRunner" name="runScenario" time="0.939"/>
  <system-out/>
  <testcase classname="Runner.testRunner" name="runScenario" time="0.401"/>
  <system-out/>
  <testcase classname="Runner.testRunner" name="runScenario" time="2.094"/>
  <system-out/>
  <testcase classname="Runner.testRunner" name="runScenario" time="0.288"/>
  <system-out/>
  <testcase classname="Runner.testRunner" name="runScenario" time="0.424"/>
  <system-out/>
  <testcase classname="Runner.testRunner" name="runScenario" time="2.590"/>
  <system-out/>
  <testcase classname="Runner.testRunner" name="runScenario" time="0.461"/>
  <system-out/>
  <testcase classname="Runner.testRunner" name="runScenario" time="0.401"/>
  <system-out/>
  <testcase classname="Runner.testRunner" name="runScenario" time="1.570"/>
  <system-out/>
  <testcase classname="Runner.testRunner" name="runScenario" time="0.472"/>
  <system-out/>
  <testcase classname="Runner.testRunner" name="runScenario" time="0.387"/>
  <system-out/>
  <testcase classname="Runner.testRunner" name="runScenario" time="0.393"/>
  <system-out/>
  <testcase classname="Runner.testRunner" name="runScenario" time="0.453"/>
  <system-out/>
  <testcase classname="Runner.testRunner" name="runScenario" time="0.417"/>
  <system-out/>
  <testcase classname="Runner.testRunner" name="runScenario" time="2.253"/>
  <system-out/>
  <testcase classname="Runner.testRunner" name="runScenario" time="0.470"/>
  <system-out/>
  <testcase classname="Runner.testRunner" name="runScenario" time="0.443"/>
  <system-out/>
  <testcase classname="Runner.testRunner" name="runScenario" time="2.280"/>
  <system-out/>
  <testcase classname="Runner.testRunner" name="runScenario" time="0.416"/>
  <system-out/>
  <testcase classname="Runner.testRunner" name="runScenario" time="0.425"/>
  <system-out/>
  <testcase classname="Runner.testRunner" name="runScenario" time="0.421"/>
  <system-out/>
  <testcase classname="Runner.testRunner" name="runScenario" time="0.583"/>
  <system-out/>
  <testcase classname="Runner.testRunner" name="runScenario" time="0.540"/>
  <system-out/>
  <testcase classname="Runner.testRunner" name="runScenario" time="0.500"/>
  <system-out/>
  <testcase classname="Runner.testRunner" name="runScenario" time="0.357"/>
  <system-out/>
  <testcase classname="Runner.testRunner" name="runScenario" time="1.585"/>
  <system-out/>
  <testcase classname="Runner.testRunner" name="runScenario" time="0.441"/>
  <system-out/>
  <testcase classname="Runner.testRunner" name="runScenario" time="0.422"/>
  <system-out/>
  <testcase classname="Runner.testRunner" name="runScenario" time="1.733"/>
  <system-out/>
</testsuite> <!-- Runner.testRunner -->
