<?xml version="1.0" encoding="UTF-8"?>
<!-- Generated by org.testng.reporters.JUnitReportReporter -->
<testsuite hostname="DESKTOP-GPKURBV" failures="0" tests="34" name="Runner.testRunner" time="17.662" errors="0" timestamp="2023-06-20T19:05:47 CDT" skipped="0">
  <testcase classname="Runner.testRunner" name="runScenario" time="0.336"/>
  <system-out/>
  <testcase classname="Runner.testRunner" name="runScenario" time="0.361"/>
  <system-out/>
  <testcase classname="Runner.testRunner" name="runScenario" time="0.340"/>
  <system-out/>
  <testcase classname="Runner.testRunner" name="runScenario" time="0.261"/>
  <system-out/>
  <testcase classname="Runner.testRunner" name="runScenario" time="0.678"/>
  <system-out/>
  <testcase classname="Runner.testRunner" name="runScenario" time="0.373"/>
  <system-out/>
  <testcase classname="Runner.testRunner" name="runScenario" time="0.358"/>
  <system-out/>
  <testcase classname="Runner.testRunner" name="runScenario" time="0.947"/>
  <system-out/>
  <testcase classname="Runner.testRunner" name="runScenario" time="0.291"/>
  <system-out/>
  <testcase classname="Runner.testRunner" name="runScenario" time="0.861"/>
  <system-out/>
  <testcase classname="Runner.testRunner" name="runScenario" time="0.702"/>
  <system-out/>
  <testcase classname="Runner.testRunner" name="runScenario" time="1.368"/>
  <system-out/>
  <testcase classname="Runner.testRunner" name="runScenario" time="1.222"/>
  <system-out/>
  <testcase classname="Runner.testRunner" name="runScenario" time="0.349"/>
  <system-out/>
  <testcase classname="Runner.testRunner" name="runScenario" time="0.337"/>
  <system-out/>
  <testcase classname="Runner.testRunner" name="runScenario" time="0.481"/>
  <system-out/>
  <testcase classname="Runner.testRunner" name="runScenario" time="1.172"/>
  <system-out/>
  <testcase classname="Runner.testRunner" name="runScenario" time="0.393"/>
  <system-out/>
  <testcase classname="Runner.testRunner" name="runScenario" time="0.367"/>
  <system-out/>
  <testcase classname="Runner.testRunner" name="runScenario" time="1.085"/>
  <system-out/>
  <testcase classname="Runner.testRunner" name="runScenario" time="0.371"/>
  <system-out/>
  <testcase classname="Runner.testRunner" name="runScenario" time="0.509"/>
  <system-out/>
  <testcase classname="Runner.testRunner" name="runScenario" time="0.181"/>
  <system-out/>
  <testcase classname="Runner.testRunner" name="runScenario" time="0.361"/>
  <system-out/>
  <testcase classname="Runner.testRunner" name="runScenario" time="0.322"/>
  <system-out/>
  <testcase classname="Runner.testRunner" name="runScenario" time="0.273"/>
  <system-out/>
  <testcase classname="Runner.testRunner" name="runScenario" time="0.258"/>
  <system-out/>
  <testcase classname="Runner.testRunner" name="runScenario" time="0.277"/>
  <system-out/>
  <testcase classname="Runner.testRunner" name="runScenario" time="0.340"/>
  <system-out/>
  <testcase classname="Runner.testRunner" name="runScenario" time="0.269"/>
  <system-out/>
  <testcase classname="Runner.testRunner" name="runScenario" time="0.315"/>
  <system-out/>
  <testcase classname="Runner.testRunner" name="runScenario" time="0.336"/>
  <system-out/>
  <testcase classname="Runner.testRunner" name="runScenario" time="1.282"/>
  <system-out/>
  <testcase classname="Runner.testRunner" name="runScenario" time="0.286"/>
  <system-out/>
</testsuite> <!-- Runner.testRunner -->
